<?xml version="1.0" encoding="UTF-8"?>
<!-- Generated by org.testng.reporters.JUnitReportReporter -->
<testsuite skipped="0" hostname="DESKTOP-MP27P43" name="pom.sample.todaytix.AppTest" tests="3" failures="0" timestamp="01 May 2022 22:47:25 GMT" time="12.282" errors="0">
  <testcase name="verifyLogin" time="10.514" classname="pom.sample.todaytix.AppTest"/>
  <testcase name="verifyNegativeLogin" time="1.728" classname="pom.sample.todaytix.AppTest"/>
  <testcase name="verifyTitleOfLandingPage" time="0.040" classname="pom.sample.todaytix.AppTest"/>
</testsuite> <!-- pom.sample.todaytix.AppTest -->
